<?xml version="1.0" encoding="UTF-8"?>
<testng-results ignored="0" total="1" passed="1" failed="0" skipped="0">
  <reporter-output>
  </reporter-output>
  <suite started-at="2021-07-21T15:15:53 IST" name="Surefire suite" finished-at="2021-07-21T15:15:53 IST" duration-ms="154">
    <groups>
    </groups>
    <test started-at="2021-07-21T15:15:53 IST" name="Surefire test" finished-at="2021-07-21T15:15:53 IST" duration-ms="154">
      <class name="com.example.LoginTest">
        <test-method signature="testFindMax()" started-at="2021-07-21T15:15:53 IST" name="testFindMax" finished-at="2021-07-21T15:15:53 IST" duration-ms="48" status="PASS">
          <reporter-output>
          </reporter-output>
        </test-method> <!-- testFindMax -->
      </class> <!-- com.example.LoginTest -->
    </test> <!-- Surefire test -->
  </suite> <!-- Surefire suite -->
</testng-results>
