<?xml version="1.0" encoding="UTF-8"?>
<testsuite xmlns:xsi="http://www.w3.org/2001/XMLSchema-instance" xsi:noNamespaceSchemaLocation="https://maven.apache.org/surefire/maven-surefire-plugin/xsd/surefire-test-report-3.0.xsd" version="3.0" name="com.example.LoginTest" time="0.979" tests="1" errors="0" skipped="0" failures="0">
  <properties>
[...]
</properties>
  <testcase name="testFindMax on testFindMax(com.example.LoginTest)" classname="com.example.LoginTest" time="0.009">
    <system-out><![CDATA[Finding Maximum in an array
Finding Maximum in an array
]]></system-out>
  </testcase>
</testsuite>